<?xml version="1.0" encoding="UTF-8"?>
<!-- Generated by org.testng.reporters.JUnitXMLReporter -->
<testsuite ignored="2" hostname="Mitesh" failures="0" tests="1" name="Default test" time="22.269" errors="0" timestamp="24 Nov 2023 13:59:42 GMT">
  <testcase classname="com.TCs.HomePage_TC" name="Verify_selectFlighttxt" time="11.68"/>
  <testcase classname="com.TCs.HomePage_TC" name="verify_title" time="0.0">
    <ignored/>
  </testcase> <!-- verify_title -->
  <testcase classname="com.TCs.HomePage_TC" name="verify_account_popup" time="0.0">
    <ignored/>
  </testcase> <!-- verify_account_popup -->
</testsuite> <!-- Default test -->
