<?xml version="1.0" encoding="UTF-8"?>
<!-- Generated by org.testng.reporters.JUnitXMLReporter -->
<testsuite ignored="0" hostname="Mitesh" failures="0" tests="3" name="Test" time="26.776" errors="0" timestamp="25 Nov 2023 03:52:16 GMT">
  <testcase classname="com.TCs.HomePage_TC" name="Verify_selectFlighttxt" time="11.759"/>
  <testcase classname="com.TCs.HomePage_TC" name="verify_account_popup" time="2.201"/>
  <testcase classname="com.TCs.HomePage_TC" name="verify_title" time="0.022"/>
</testsuite> <!-- Test -->
