<?xml version="1.0" encoding="UTF-8"?>
<!-- Generated by org.testng.reporters.JUnitXMLReporter -->
<testsuite ignored="0" hostname="Mitesh" failures="0" tests="3" name="Test" time="25.977" errors="0" timestamp="25 Nov 2023 03:56:00 GMT">
  <testcase classname="com.TCs.HomePage_TC" name="verify_title" time="0.009"/>
  <testcase classname="com.TCs.HomePage_TC" name="verify_account_popup" time="2.187"/>
  <testcase classname="com.TCs.HomePage_TC" name="Verify_selectFlighttxt" time="11.689"/>
</testsuite> <!-- Test -->
