<?xml version="1.0" encoding="UTF-8"?>
<testsuite xmlns:xsi="http://www.w3.org/2001/XMLSchema-instance" xsi:noNamespaceSchemaLocation="https://maven.apache.org/surefire/maven-surefire-plugin/xsd/surefire-test-report-3.0.xsd" version="3.0" name="TestSuite" time="27.208" tests="3" errors="0" skipped="0" failures="0">
  <properties>
[...]
</properties>
  <testcase name="verify_title" classname="com.TCs.HomePage_TC" time="0">
    <system-out><![CDATA[[TestNGContentHandler] [WARN] It is strongly recommended to add "<!DOCTYPE suite SYSTEM "http://testng.org/testng-1.0.dtd" >" at the top of your file, otherwise TestNG may fail or not work as expected.
Flight, Cheap Air Tickets , Hotels, Holiday, Trains Package Booking - Yatra.com
]]></system-out>
    <system-err><![CDATA[1700884534904	geckodriver	INFO	Listening on 127.0.0.1:13885
1700884535091	mozrunner::runner	INFO	Running command: "C:\\Program Files\\Mozilla Firefox\\firefox.exe" "--marionette" "-no-remote" "-profile" "C:\\Users\\mites\\AppData\\Local\\Temp\\rust_mozprofile7tI5o8"
console.warn: services.settings: Ignoring preference override of remote settings server
console.warn: services.settings: Allow by setting MOZ_REMOTE_SETTINGS_DEVTOOLS=1 in the environment
1700884535635	Marionette	INFO	MarionetDtyen aenmaibcaleldl
y enable window occlusion 0
1700884536091	Marionette	INFO	Listening on port 54566
Read port: 54566
1700884536309	RemoteAgent	WARN	TLS certificate errors will be ignored for this session
Nov 25, 2023 9:25:37 AM org.openqa.selenium.remote.ProtocolHandshake createSession
INFO: Detected dialect: W3C
JavaScript warning: https://www.yatra.com/VH-KE/NvK2Y/s7/v542/EGEm/S71VbrDwVm/VzsYMAE/Fld/0CSZGC1wB, line 1: unreachable code after return statement
JavaScript warning: https://www.yatra.com/VH-KE/NvK2Y/s7/v542/EGEm/S71VbrDwVm/VzsYMAE/Fld/0CSZGC1wB, line 1: WEBGL_debug_renderer_info is deprecated in Firefox and will be removed. Please use RENDERER.
1700884539826	Marionette	WARN	Ignoring event 'pageshow' because document has an invalid readyState of 'interactive'.
JavaScript warning: https://www.yatra.com/VH-KE/NvK2Y/s7/v542/EGEm/S71VbrDwVm/VzsYMAE/Fld/0CSZGC1wB, line 1: WEBGL_debug_renderer_info is deprecated in Firefox and will be removed. Please use RENDERER.
JavaScript warning: https://www.yatra.com/VH-KE/NvK2Y/s7/v542/EGEm/S71VbrDwVm/VzsYMAE/Fld/0CSZGC1wB, line 1: WEBGL_debug_renderer_info is deprecated in Firefox and will be removed. Please use RENDERER.
JavaScript error: https://www.yatra.com/fresco/resources/toucan/dist/js/app.js?version=202311241520, line 19: TypeError: window.YTDATA is undefined
]]></system-err>
  </testcase>
  <testcase name="verify_account_popup" classname="com.TCs.HomePage_TC" time="2.191">
    <system-err><![CDATA[JavaScript error: https://www.yatra.com/fresco/resources/toucan/dist/js/app.js?version=202311241520, line 19: TypeError: window.YTDATA is undefined
]]></system-err>
  </testcase>
  <testcase name="Verify_selectFlighttxt" classname="com.TCs.HomePage_TC" time="11.685"/>
</testsuite>