<?xml version="1.0" encoding="UTF-8"?>
<testng-results ignored="0" total="3" passed="3" failed="0" skipped="0">
  <reporter-output>
  </reporter-output>
  <suite started-at="2023-11-25T03:51:49Z" name="Suite" finished-at="2023-11-25T03:52:16Z" duration-ms="26776">
    <groups>
    </groups>
    <test started-at="2023-11-25T03:51:49Z" name="Test" finished-at="2023-11-25T03:52:16Z" duration-ms="26776">
      <class name="com.TCs.HomePage_TC">
        <test-method is-config="true" signature="Setup()[pri:0, instance:com.TCs.HomePage_TC@36b4091c]" started-at="2023-11-25T03:51:49Z" name="Setup" finished-at="2023-11-25T03:52:02Z" duration-ms="12776" status="PASS">
          <reporter-output>
          </reporter-output>
        </test-method> <!-- Setup -->
        <test-method signature="Verify_selectFlighttxt()[pri:0, instance:com.TCs.HomePage_TC@36b4091c]" started-at="2023-11-25T03:52:02Z" name="Verify_selectFlighttxt" finished-at="2023-11-25T03:52:13Z" duration-ms="11759" status="PASS">
          <reporter-output>
          </reporter-output>
        </test-method> <!-- Verify_selectFlighttxt -->
        <test-method signature="verify_account_popup()[pri:0, instance:com.TCs.HomePage_TC@36b4091c]" started-at="2023-11-25T03:52:13Z" name="verify_account_popup" finished-at="2023-11-25T03:52:16Z" duration-ms="2201" status="PASS">
          <reporter-output>
          </reporter-output>
        </test-method> <!-- verify_account_popup -->
        <test-method signature="verify_title()[pri:0, instance:com.TCs.HomePage_TC@36b4091c]" started-at="2023-11-25T03:52:16Z" name="verify_title" finished-at="2023-11-25T03:52:16Z" duration-ms="22" status="PASS">
          <reporter-output>
          </reporter-output>
        </test-method> <!-- verify_title -->
      </class> <!-- com.TCs.HomePage_TC -->
    </test> <!-- Test -->
  </suite> <!-- Suite -->
</testng-results>
